Internal Server Error: /api/subscribe
Traceback (most recent call last):
  File "/Users/alias/Documents/PushOwl-tr/pushNotification/venv/lib/python3.10/site-packages/django/core/handlers/exception.py", line 47, in inner
    response = get_response(request)
  File "/Users/alias/Documents/PushOwl-tr/pushNotification/venv/lib/python3.10/site-packages/django/core/handlers/base.py", line 181, in _get_response
    response = wrapped_callback(request, *callback_args, **callback_kwargs)
  File "/Users/alias/Documents/PushOwl-tr/pushNotification/venv/lib/python3.10/site-packages/django/views/decorators/csrf.py", line 54, in wrapped_view
    return view_func(*args, **kwargs)
  File "/Users/alias/Documents/PushOwl-tr/pushNotification/venv/lib/python3.10/site-packages/django/views/generic/base.py", line 70, in view
    return self.dispatch(request, *args, **kwargs)
  File "/Users/alias/Documents/PushOwl-tr/pushNotification/venv/lib/python3.10/site-packages/rest_framework/views.py", line 509, in dispatch
    response = self.handle_exception(exc)
  File "/Users/alias/Documents/PushOwl-tr/pushNotification/venv/lib/python3.10/site-packages/rest_framework/views.py", line 469, in handle_exception
    self.raise_uncaught_exception(exc)
  File "/Users/alias/Documents/PushOwl-tr/pushNotification/venv/lib/python3.10/site-packages/rest_framework/views.py", line 480, in raise_uncaught_exception
    raise exc
  File "/Users/alias/Documents/PushOwl-tr/pushNotification/venv/lib/python3.10/site-packages/rest_framework/views.py", line 506, in dispatch
    response = handler(request, *args, **kwargs)
  File "/Users/alias/Documents/PushOwl-tr/pushNotification/venv/lib/python3.10/site-packages/rest_framework/decorators.py", line 50, in handler
    return func(*args, **kwargs)
  File "/Users/alias/Documents/PushOwl-tr/pushNotification/push/views.py", line 30, in subscribe_client
    "response": updated_subscription_serializer.initial_data,
AttributeError: 'SubscriptionSerializer' object has no attribute 'initial_data'
"POST /api/subscribe HTTP/1.1" 500 102208
